2026-04-06 16:28:47,531 - textsynth_logger - INFO - Logger connected
2026-04-06 16:28:49,798 - textsynth_logger - INFO - Starting updates
2026-04-06 16:28:51,081 - textsynth_logger - INFO - Stopping updates
2026-04-06 16:28:52,631 - textsynth_logger - INFO - Stepping update
2026-04-06 19:16:09,792 - textsynth_logger - INFO - Logger connected
2026-04-06 19:16:11,712 - textsynth_logger - INFO - Starting updates
2026-04-06 19:16:12,552 - textsynth_logger - INFO - Stepping update
2026-04-06 19:16:13,505 - textsynth_logger - INFO - Stopping updates
2026-04-06 19:17:54,044 - textsynth_logger - INFO - Logger connected
2026-04-06 19:23:44,621 - textsynth_logger - INFO - Logger connected
2026-04-06 19:28:21,108 - textsynth_logger - INFO - Logger connected
2026-04-06 19:28:47,369 - textsynth_logger - INFO - Logger connected
2026-04-06 19:29:14,506 - textsynth_logger - INFO - Logger connected
2026-04-06 19:31:25,780 - textsynth_logger - INFO - Logger connected
2026-04-06 19:34:16,312 - textsynth_logger - INFO - Logger connected
2026-04-06 19:35:55,232 - textsynth_logger - INFO - Logger connected
2026-04-06 19:38:06,338 - textsynth_logger - INFO - Logger connected
2026-04-06 19:38:30,033 - textsynth_logger - INFO - Logger connected
2026-04-06 19:40:08,097 - textsynth_logger - INFO - Starting updates
2026-04-06 19:40:08,822 - textsynth_logger - INFO - Starting updates
2026-04-06 19:40:09,861 - textsynth_logger - INFO - Stepping update
2026-04-06 19:40:10,529 - textsynth_logger - INFO - Stopping updates
2026-04-06 19:48:31,396 - textsynth_logger - INFO - Logger connected
2026-04-06 19:48:59,238 - textsynth_logger - INFO - Logger connected
2026-04-06 19:49:00,906 - textsynth_logger - INFO - Triggering A
2026-04-06 19:49:04,072 - textsynth_logger - INFO - Triggering B
2026-04-06 19:49:06,406 - textsynth_logger - INFO - Triggering C
2026-04-06 19:49:07,838 - textsynth_logger - INFO - Clearing prompt B
2026-04-06 19:49:09,328 - textsynth_logger - INFO - Clearing response B
2026-04-06 19:53:48,878 - textsynth_logger - INFO - Logger connected
2026-04-06 19:54:14,335 - textsynth_logger - INFO - Triggering A
2026-04-06 19:54:15,941 - textsynth_logger - INFO - Triggering B
2026-04-06 19:54:16,947 - textsynth_logger - INFO - Triggering C
2026-04-06 19:58:58,165 - textsynth_logger - INFO - Logger connected
2026-04-07 09:20:21,372 - textsynth_logger - INFO - Logger connected
2026-04-07 09:26:01,791 - textsynth_logger - INFO - Logger connected
2026-04-07 09:26:09,502 - textsynth_logger - INFO - Clearing prompt A
2026-04-07 09:29:22,349 - textsynth_logger - INFO - Logger connected
2026-04-07 09:35:39,332 - textsynth_logger - INFO - Logger connected
2026-04-07 09:37:11,976 - textsynth_logger - INFO - Logger connected
2026-04-07 09:40:05,164 - textsynth_logger - INFO - Logger connected
2026-04-07 09:49:52,332 - textsynth_logger - INFO - Logger connected
2026-04-07 09:50:18,521 - textsynth_logger - INFO - Logger connected
2026-04-07 09:51:06,687 - textsynth_logger - INFO - Logger connected
2026-04-07 09:51:37,254 - textsynth_logger - INFO - Logger connected
2026-04-07 09:51:40,590 - textsynth_logger - INFO - Updating send target A to Prompt B
2026-04-07 09:51:45,226 - textsynth_logger - INFO - Updating send target A to Prompt A
2026-04-07 09:52:19,669 - textsynth_logger - INFO - Logger connected
2026-04-07 09:53:10,794 - textsynth_logger - INFO - Clearing response A
2026-04-07 09:54:42,852 - textsynth_logger - INFO - Logger connected
2026-04-07 09:57:02,771 - textsynth_logger - INFO - Logger connected
2026-04-07 10:28:07,606 - textsynth_logger - INFO - Logger connected
2026-04-07 10:28:32,815 - textsynth_logger - INFO - Starting updates A
2026-04-07 10:33:52,247 - textsynth_logger - INFO - Logger connected
2026-04-07 10:33:54,499 - textsynth_logger - INFO - Starting updates A
2026-04-07 10:33:59,602 - textsynth_logger - INFO - Stepping update A
2026-04-07 10:34:02,709 - textsynth_logger - INFO - Stopping updates A
2026-04-07 10:34:04,191 - textsynth_logger - INFO - Stepping update A
2026-04-07 10:34:05,506 - textsynth_logger - INFO - Starting updates A
2026-04-07 10:34:06,957 - textsynth_logger - INFO - Starting updates B
2026-04-07 10:34:07,958 - textsynth_logger - INFO - Stepping update B
2026-04-07 10:34:08,972 - textsynth_logger - INFO - Stopping updates B
2026-04-07 10:36:36,924 - textsynth_logger - INFO - Logger connected
2026-04-07 10:36:39,979 - textsynth_logger - INFO - Starting updates A
2026-04-07 10:36:41,271 - textsynth_logger - INFO - Stepping update A
2026-04-07 10:36:42,338 - textsynth_logger - INFO - Stepping update A
2026-04-07 10:37:25,208 - textsynth_logger - INFO - Logger connected
2026-04-07 10:37:26,996 - textsynth_logger - INFO - Stepping update B
2026-04-07 10:38:23,046 - textsynth_logger - INFO - Logger connected
2026-04-07 10:38:25,388 - textsynth_logger - INFO - Stepping update B
2026-04-07 10:38:26,706 - textsynth_logger - INFO - Stopping updates B
2026-04-07 10:38:28,376 - textsynth_logger - INFO - Starting updates B
2026-04-07 10:38:29,512 - textsynth_logger - INFO - Stepping update B
2026-04-07 10:38:30,812 - textsynth_logger - INFO - Stopping updates B
2026-04-07 10:40:33,393 - textsynth_logger - INFO - Logger connected
2026-04-07 10:40:35,028 - textsynth_logger - INFO - Stepping update A
2026-04-07 10:40:36,499 - textsynth_logger - INFO - Stopping updates A
2026-04-07 10:40:38,066 - textsynth_logger - INFO - Starting updates A
2026-04-07 10:40:39,294 - textsynth_logger - INFO - Stepping update A
2026-04-07 10:40:41,128 - textsynth_logger - INFO - Stopping updates A
2026-04-07 10:40:43,093 - textsynth_logger - INFO - Starting updates A
2026-04-07 10:45:44,223 - textsynth_logger - INFO - Logger connected
2026-04-07 10:45:46,609 - textsynth_logger - INFO - Stepping update A
2026-04-07 10:45:48,194 - textsynth_logger - INFO - Stepping update A
2026-04-07 10:45:49,562 - textsynth_logger - INFO - Stepping update A
2026-04-07 10:45:50,710 - textsynth_logger - INFO - Starting updates A
2026-04-07 10:45:51,907 - textsynth_logger - INFO - Stepping update A
2026-04-07 10:45:53,591 - textsynth_logger - INFO - Stopping updates A
2026-04-07 10:45:54,802 - textsynth_logger - INFO - Stepping update A
2026-04-07 10:45:55,900 - textsynth_logger - INFO - Stepping update A
2026-04-07 10:45:56,927 - textsynth_logger - INFO - Stepping update A
2026-04-07 10:45:58,076 - textsynth_logger - INFO - Stepping update A
2026-04-07 10:45:59,082 - textsynth_logger - INFO - Stepping update A
2026-04-07 10:46:00,571 - textsynth_logger - INFO - Starting updates A
2026-04-07 10:46:01,784 - textsynth_logger - INFO - Stepping update A
2026-04-07 10:46:02,844 - textsynth_logger - INFO - Stopping updates A
2026-04-07 10:46:04,425 - textsynth_logger - INFO - Stepping update A
2026-04-07 10:46:06,216 - textsynth_logger - INFO - Starting updates A
2026-04-07 10:46:33,133 - textsynth_logger - INFO - Logger connected
2026-04-07 10:46:35,137 - textsynth_logger - INFO - Starting updates A
2026-04-07 10:46:36,887 - textsynth_logger - INFO - Stopping updates A
2026-04-07 10:46:37,881 - textsynth_logger - INFO - Stepping update A
2026-04-07 10:46:39,281 - textsynth_logger - INFO - Starting updates A
2026-04-07 10:46:40,365 - textsynth_logger - INFO - Stepping update A
2026-04-07 10:46:41,627 - textsynth_logger - INFO - Stepping update A
2026-04-07 10:46:48,407 - textsynth_logger - INFO - Stopping updates A
2026-04-07 10:46:49,673 - textsynth_logger - INFO - Starting updates A
2026-04-07 10:46:51,501 - textsynth_logger - INFO - Stepping update A
2026-04-07 10:49:12,553 - textsynth_logger - INFO - Logger connected
2026-04-07 10:49:17,590 - textsynth_logger - INFO - Starting updates A
2026-04-07 10:49:20,716 - textsynth_logger - INFO - Stopping updates A
2026-04-07 10:49:22,671 - textsynth_logger - INFO - Stepping update A
2026-04-07 10:49:25,171 - textsynth_logger - INFO - Starting updates A
2026-04-07 10:49:28,609 - textsynth_logger - INFO - Stopping updates A
2026-04-07 10:49:29,841 - textsynth_logger - INFO - Stepping update A
2026-04-07 10:49:31,061 - textsynth_logger - INFO - Stepping update A
2026-04-07 10:49:32,221 - textsynth_logger - INFO - Stepping update A
2026-04-07 11:31:12,531 - textsynth_logger - INFO - Logger connected
2026-04-07 11:34:06,240 - textsynth_logger - INFO - Logger connected
2026-04-07 11:37:00,421 - textsynth_logger - INFO - Logger connected
2026-04-07 11:40:59,963 - textsynth_logger - INFO - Logger connected
2026-04-07 11:52:21,557 - textsynth_logger - INFO - Logger connected
2026-04-07 15:24:59,185 - textsynth_logger - INFO - Logger connected
2026-04-07 23:33:50,815 - textsynth_logger - INFO - Logger connected
2026-04-07 23:33:57,368 - textsynth_logger - INFO - Starting updates A
2026-04-07 23:33:59,234 - textsynth_logger - INFO - Stopping updates A
2026-04-07 23:34:00,096 - textsynth_logger - INFO - Stepping update A
2026-04-07 23:34:00,972 - textsynth_logger - INFO - Stepping update A
2026-04-07 23:34:01,797 - textsynth_logger - INFO - Stepping update A
2026-04-07 23:34:02,601 - textsynth_logger - INFO - Stepping update A
2026-04-07 23:34:03,402 - textsynth_logger - INFO - Stepping update A
2026-04-07 23:34:04,509 - textsynth_logger - INFO - Starting updates A
2026-04-07 23:34:05,838 - textsynth_logger - INFO - Stopping updates A
2026-04-08 13:59:11,386 - textsynth_logger - INFO - Logger connected
2026-04-08 13:59:17,131 - textsynth_logger - INFO - Starting updates
2026-04-08 13:59:21,635 - textsynth_logger - INFO - Stepping update
2026-04-08 13:59:22,995 - textsynth_logger - INFO - Stopping updates
2026-04-08 14:02:08,581 - textsynth_logger - INFO - Logger connected
2026-04-08 14:03:25,555 - textsynth_logger - INFO - Logger connected
2026-04-08 14:03:28,357 - textsynth_logger - INFO - Stepping update A
2026-04-08 14:06:55,414 - textsynth_logger - INFO - Logger connected
2026-04-08 14:13:59,943 - textsynth_logger - INFO - Logger connected
2026-04-08 14:14:03,479 - textsynth_logger - INFO - Starting updates
2026-04-08 14:14:04,728 - textsynth_logger - INFO - Stepping A
2026-04-08 14:14:05,814 - textsynth_logger - INFO - Starting A
2026-04-08 14:14:06,951 - textsynth_logger - INFO - Stopping A
2026-04-08 14:27:17,651 - textsynth_logger - INFO - Logger connected
2026-04-08 14:38:41,079 - textsynth_logger - INFO - Logger connected
2026-04-08 14:38:43,066 - textsynth_logger - INFO - Starting A
2026-04-08 14:38:44,059 - textsynth_logger - INFO - Stepping A
2026-04-08 14:38:45,519 - textsynth_logger - INFO - Stopping A
2026-04-08 14:38:48,759 - textsynth_logger - INFO - Stepping A
2026-04-08 14:38:50,061 - textsynth_logger - INFO - Starting A
2026-04-08 14:48:55,585 - textsynth_logger - INFO - Logger connected
2026-04-08 14:48:57,723 - textsynth_logger - INFO - Starting A
2026-04-08 14:48:59,308 - textsynth_logger - INFO - Stepping A
2026-04-08 14:49:00,633 - textsynth_logger - INFO - Stopping A
2026-04-08 14:49:47,807 - textsynth_logger - INFO - Logger connected
2026-04-08 14:49:49,567 - textsynth_logger - INFO - Starting A
2026-04-08 14:49:52,094 - textsynth_logger - INFO - Starting B
2026-04-08 14:49:53,332 - textsynth_logger - INFO - Starting C
2026-04-08 14:51:45,960 - textsynth_logger - INFO - Logger connected
2026-04-08 14:51:47,916 - textsynth_logger - INFO - Starting A
2026-04-08 14:52:10,909 - textsynth_logger - INFO - Logger connected
2026-04-08 14:52:12,730 - textsynth_logger - INFO - Starting A
2026-04-08 14:52:14,411 - textsynth_logger - INFO - Stepping A
2026-04-08 14:52:15,697 - textsynth_logger - INFO - Stopping A
2026-04-08 14:57:02,266 - textsynth_logger - INFO - Logger connected
2026-04-08 14:57:04,011 - textsynth_logger - INFO - Starting A
2026-04-08 14:57:06,263 - textsynth_logger - INFO - Stepping A
2026-04-08 14:57:06,914 - textsynth_logger - INFO - Stepping A
2026-04-08 14:57:39,028 - textsynth_logger - INFO - Logger connected
2026-04-08 14:57:40,729 - textsynth_logger - INFO - Starting A
2026-04-08 14:57:41,957 - textsynth_logger - INFO - Stopping A
2026-04-08 14:57:45,241 - textsynth_logger - INFO - Starting A
2026-04-08 14:57:46,882 - textsynth_logger - INFO - Starting A
2026-04-08 14:58:26,539 - textsynth_logger - INFO - Logger connected
2026-04-08 14:58:28,144 - textsynth_logger - INFO - Starting A
2026-04-08 14:58:29,832 - textsynth_logger - INFO - Stopping A
2026-04-08 14:58:31,057 - textsynth_logger - INFO - Starting A
2026-04-08 14:58:32,678 - textsynth_logger - INFO - Stopping A
2026-04-08 14:59:00,287 - textsynth_logger - INFO - Logger connected
2026-04-08 14:59:02,143 - textsynth_logger - INFO - Starting A
2026-04-08 14:59:03,247 - textsynth_logger - INFO - Stepping A
2026-04-08 14:59:04,093 - textsynth_logger - INFO - Stepping A
2026-04-08 14:59:04,786 - textsynth_logger - INFO - Stepping A
2026-04-08 14:59:05,828 - textsynth_logger - INFO - Stepping A
2026-04-08 14:59:06,807 - textsynth_logger - INFO - Stepping A
2026-04-08 14:59:07,540 - textsynth_logger - INFO - Stepping A
2026-04-08 14:59:08,131 - textsynth_logger - INFO - Stepping A
2026-04-08 14:59:08,703 - textsynth_logger - INFO - Stepping A
2026-04-08 14:59:09,296 - textsynth_logger - INFO - Stepping A
2026-04-08 14:59:10,292 - textsynth_logger - INFO - Stepping A
2026-04-08 14:59:10,773 - textsynth_logger - INFO - Stepping A
2026-04-08 14:59:10,985 - textsynth_logger - INFO - Stepping A
2026-04-08 14:59:12,060 - textsynth_logger - INFO - Stopping A
2026-04-08 14:59:13,452 - textsynth_logger - INFO - Starting A
2026-04-08 14:59:21,183 - textsynth_logger - INFO - Stopping A
2026-04-08 14:59:28,721 - textsynth_logger - INFO - Starting A
2026-04-08 14:59:29,760 - textsynth_logger - INFO - Stepping A
2026-04-08 14:59:30,213 - textsynth_logger - INFO - Stepping A
2026-04-08 14:59:30,438 - textsynth_logger - INFO - Stepping A
2026-04-08 14:59:30,654 - textsynth_logger - INFO - Stepping A
2026-04-08 15:04:15,013 - textsynth_logger - INFO - Logger connected
2026-04-08 15:04:16,879 - textsynth_logger - INFO - Starting A
2026-04-08 15:04:18,122 - textsynth_logger - INFO - Stepping A
2026-04-08 15:04:19,568 - textsynth_logger - INFO - Stepping A
2026-04-08 15:04:20,441 - textsynth_logger - INFO - Stepping A
2026-04-08 15:04:21,233 - textsynth_logger - INFO - Stepping A
2026-04-08 15:04:24,403 - textsynth_logger - INFO - Stepping A
2026-04-08 15:04:24,605 - textsynth_logger - INFO - Stepping A
2026-04-08 15:04:24,800 - textsynth_logger - INFO - Stepping A
2026-04-08 15:04:25,006 - textsynth_logger - INFO - Stepping A
2026-04-08 15:04:25,187 - textsynth_logger - INFO - Stepping A
2026-04-08 15:04:25,380 - textsynth_logger - INFO - Stepping A
2026-04-08 15:04:25,577 - textsynth_logger - INFO - Stepping A
2026-04-08 15:04:25,756 - textsynth_logger - INFO - Stepping A
2026-04-08 15:04:25,945 - textsynth_logger - INFO - Stepping A
2026-04-08 15:04:26,139 - textsynth_logger - INFO - Stepping A
2026-04-08 15:04:26,327 - textsynth_logger - INFO - Stepping A
2026-04-08 15:04:26,521 - textsynth_logger - INFO - Stepping A
2026-04-08 15:04:26,705 - textsynth_logger - INFO - Stepping A
2026-04-08 15:04:26,911 - textsynth_logger - INFO - Stepping A
2026-04-08 15:04:27,106 - textsynth_logger - INFO - Stepping A
2026-04-08 15:04:27,307 - textsynth_logger - INFO - Stepping A
2026-04-08 15:04:27,509 - textsynth_logger - INFO - Stepping A
2026-04-08 15:04:27,687 - textsynth_logger - INFO - Stepping A
2026-04-08 15:04:27,890 - textsynth_logger - INFO - Stepping A
2026-04-08 15:04:28,085 - textsynth_logger - INFO - Stepping A
2026-04-08 15:04:28,293 - textsynth_logger - INFO - Stepping A
2026-04-08 15:04:28,487 - textsynth_logger - INFO - Stepping A
2026-04-08 15:04:28,682 - textsynth_logger - INFO - Stepping A
2026-04-08 15:04:28,882 - textsynth_logger - INFO - Stepping A
2026-04-08 15:04:29,085 - textsynth_logger - INFO - Stepping A
2026-04-08 15:04:29,279 - textsynth_logger - INFO - Stepping A
2026-04-08 15:04:29,491 - textsynth_logger - INFO - Stepping A
2026-04-08 15:04:29,677 - textsynth_logger - INFO - Stepping A
2026-04-08 15:04:29,875 - textsynth_logger - INFO - Stepping A
2026-04-08 15:04:30,078 - textsynth_logger - INFO - Stepping A
2026-04-08 15:04:30,273 - textsynth_logger - INFO - Stepping A
2026-04-08 15:04:30,474 - textsynth_logger - INFO - Stepping A
2026-04-08 15:04:30,677 - textsynth_logger - INFO - Stepping A
2026-04-08 15:04:30,870 - textsynth_logger - INFO - Stepping A
2026-04-08 15:04:31,065 - textsynth_logger - INFO - Stepping A
2026-04-08 15:04:31,260 - textsynth_logger - INFO - Stepping A
2026-04-08 15:04:31,446 - textsynth_logger - INFO - Stepping A
2026-04-08 15:04:31,669 - textsynth_logger - INFO - Stepping A
2026-04-08 15:23:49,715 - textsynth_logger - INFO - Logger connected
2026-04-08 15:23:51,335 - textsynth_logger - INFO - Starting A
2026-04-08 15:23:52,565 - textsynth_logger - INFO - Stepping A
2026-04-08 15:23:53,139 - textsynth_logger - INFO - Stepping A
2026-04-08 15:23:53,382 - textsynth_logger - INFO - Stepping A
2026-04-08 15:23:53,603 - textsynth_logger - INFO - Stepping A
2026-04-08 15:30:15,532 - textsynth_logger - INFO - Logger connected
2026-04-08 15:30:17,627 - textsynth_logger - INFO - Starting A
2026-04-08 15:30:18,587 - textsynth_logger - INFO - Stepping A
2026-04-08 15:30:19,515 - textsynth_logger - INFO - Stopping A
2026-04-08 15:30:21,241 - textsynth_logger - INFO - Starting A
2026-04-08 15:30:22,228 - textsynth_logger - INFO - Stepping A
2026-04-08 15:30:23,113 - textsynth_logger - INFO - Stopping A
2026-04-08 15:30:23,823 - textsynth_logger - INFO - Stopping A
2026-04-08 15:32:41,689 - textsynth_logger - INFO - Logger connected
2026-04-08 15:32:43,795 - textsynth_logger - INFO - Starting A
2026-04-08 15:32:44,905 - textsynth_logger - INFO - Stepping A
2026-04-08 15:32:45,514 - textsynth_logger - INFO - Stepping A
2026-04-08 15:32:46,537 - textsynth_logger - INFO - Stopping A
2026-04-08 15:37:01,954 - textsynth_logger - INFO - Logger connected
2026-04-08 15:37:04,612 - textsynth_logger - INFO - Starting A
2026-04-08 15:37:06,046 - textsynth_logger - INFO - Stepping A
2026-04-08 15:37:07,089 - textsynth_logger - INFO - Stopping A
2026-04-08 15:37:09,189 - textsynth_logger - INFO - Started
2026-04-08 15:37:12,941 - textsynth_logger - INFO - Stopped
2026-04-08 15:37:14,930 - textsynth_logger - INFO - Stepping update
2026-04-08 15:43:42,838 - textsynth_logger - INFO - Logger connected
2026-04-08 15:43:44,526 - textsynth_logger - INFO - Starting A
2026-04-08 15:43:45,524 - textsynth_logger - INFO - Stepping A
2026-04-08 15:43:46,036 - textsynth_logger - INFO - Stepping A
2026-04-08 15:43:46,249 - textsynth_logger - INFO - Stepping A
2026-04-08 15:43:47,504 - textsynth_logger - INFO - Stopping A
2026-04-08 15:43:48,728 - textsynth_logger - INFO - Starting A
2026-04-08 15:43:49,552 - textsynth_logger - INFO - Stepping A
2026-04-08 15:43:49,738 - textsynth_logger - INFO - Stepping A
2026-04-08 15:43:49,932 - textsynth_logger - INFO - Stepping A
2026-04-08 15:43:50,120 - textsynth_logger - INFO - Stepping A
2026-04-08 15:43:50,351 - textsynth_logger - INFO - Stepping A
2026-04-08 15:43:50,557 - textsynth_logger - INFO - Stepping A
2026-04-08 15:43:50,744 - textsynth_logger - INFO - Stepping A
2026-04-08 15:43:50,926 - textsynth_logger - INFO - Stepping A
2026-04-08 15:43:51,119 - textsynth_logger - INFO - Stepping A
2026-04-08 15:43:51,316 - textsynth_logger - INFO - Stepping A
2026-04-08 15:43:51,515 - textsynth_logger - INFO - Stepping A
2026-04-08 15:43:51,718 - textsynth_logger - INFO - Stepping A
2026-04-08 15:43:51,916 - textsynth_logger - INFO - Stepping A
2026-04-08 15:43:52,114 - textsynth_logger - INFO - Stepping A
2026-04-08 15:43:52,316 - textsynth_logger - INFO - Stepping A
2026-04-08 15:43:52,510 - textsynth_logger - INFO - Stepping A
2026-04-08 15:43:52,697 - textsynth_logger - INFO - Stepping A
2026-04-08 15:43:52,905 - textsynth_logger - INFO - Stepping A
2026-04-08 15:43:53,114 - textsynth_logger - INFO - Stepping A
2026-04-08 15:43:53,308 - textsynth_logger - INFO - Stepping A
2026-04-08 15:43:53,502 - textsynth_logger - INFO - Stepping A
2026-04-08 15:43:53,710 - textsynth_logger - INFO - Stepping A
2026-04-08 15:43:53,912 - textsynth_logger - INFO - Stepping A
2026-04-08 15:43:54,101 - textsynth_logger - INFO - Stepping A
2026-04-08 15:43:54,293 - textsynth_logger - INFO - Stepping A
2026-04-08 15:43:54,512 - textsynth_logger - INFO - Stepping A
